TN:
SF:src/modules/appointments/services/CreateAppointmentService.ts
FN:14,CreateAppointmentService
FN:18,Object.<anonymous>.CreateAppointmentService.execute
FNF:2
FNH:2
FNDA:2,CreateAppointmentService
FNDA:3,Object.<anonymous>.CreateAppointmentService.execute
DA:1,1
DA:2,1
DA:3,1
DA:4,1
DA:5,1
DA:6,1
DA:7,1
DA:8,1
DA:9,1
DA:10,1
DA:11,1
DA:12,1
DA:13,1
DA:14,1
DA:15,2
DA:16,2
DA:17,1
DA:18,1
DA:19,3
DA:20,3
DA:21,3
DA:22,3
DA:23,3
DA:24,3
DA:25,3
DA:26,1
DA:27,1
DA:28,2
DA:29,2
DA:30,2
DA:31,2
DA:32,3
DA:33,3
DA:34,3
DA:35,1
DA:36,1
DA:37,1
LF:37
LH:37
BRDA:13,0,0,1
BRDA:14,1,0,2
BRDA:18,2,0,3
BRDA:25,3,0,1
BRDA:28,4,0,2
BRF:5
BRH:5
end_of_record
TN:
SF:src/modules/users/services/CreateUserService.ts
FN:14,CreateUserService
FN:21,Object.<anonymous>.CreateUserService.execute
FNF:2
FNH:2
FNDA:6,CreateUserService
FNDA:7,Object.<anonymous>.CreateUserService.execute
DA:1,1
DA:2,1
DA:3,1
DA:4,1
DA:5,1
DA:6,1
DA:7,1
DA:8,1
DA:9,1
DA:10,1
DA:11,1
DA:12,2
DA:13,2
DA:14,2
DA:15,6
DA:16,6
DA:17,6
DA:18,6
DA:19,6
DA:20,2
DA:21,2
DA:22,7
DA:23,7
DA:24,7
DA:25,1
DA:26,1
DA:27,6
DA:28,6
DA:29,7
DA:30,7
DA:31,7
DA:32,7
DA:33,7
DA:34,7
DA:35,7
DA:36,7
DA:37,2
LF:37
LH:37
BRDA:12,0,0,2
BRDA:14,1,0,6
BRDA:21,2,0,7
BRDA:22,3,0,7
BRDA:24,4,0,1
BRDA:27,5,0,6
BRF:6
BRH:6
end_of_record
TN:
SF:src/modules/users/services/SessionAuthenticationService.ts
FN:19,CreateUserService
FN:26,Object.<anonymous>.CreateUserService.execute
FNF:2
FNH:2
FNDA:4,CreateUserService
FNDA:4,Object.<anonymous>.CreateUserService.execute
DA:1,1
DA:2,1
DA:3,1
DA:4,1
DA:5,1
DA:6,1
DA:7,1
DA:8,1
DA:9,1
DA:10,1
DA:11,1
DA:12,1
DA:13,1
DA:14,1
DA:15,1
DA:16,1
DA:17,1
DA:18,1
DA:19,1
DA:20,4
DA:21,4
DA:22,4
DA:23,4
DA:24,1
DA:25,1
DA:26,1
DA:27,4
DA:28,4
DA:29,4
DA:30,1
DA:31,1
DA:32,3
DA:33,3
DA:34,4
DA:35,4
DA:36,2
DA:37,2
DA:38,1
DA:39,1
DA:40,1
DA:41,1
DA:42,1
DA:43,1
DA:44,1
DA:45,1
DA:46,1
DA:47,1
DA:48,1
DA:49,4
DA:50,4
DA:51,1
LF:51
LH:51
BRDA:18,0,0,1
BRDA:19,1,0,4
BRDA:26,2,0,4
BRDA:27,3,0,4
BRDA:29,4,0,1
BRDA:32,5,0,3
BRDA:35,6,0,2
BRDA:38,7,0,1
BRF:8
BRH:8
end_of_record
TN:
SF:src/modules/users/services/UploadAvatarService.ts
FN:15,UploadAvatarService
FN:20,Object.<anonymous>.UploadAvatarService.execute
FNF:2
FNH:2
FNDA:2,UploadAvatarService
FNDA:2,Object.<anonymous>.UploadAvatarService.execute
DA:1,1
DA:2,1
DA:3,1
DA:4,1
DA:5,1
DA:6,1
DA:7,1
DA:8,1
DA:9,1
DA:10,1
DA:11,1
DA:12,1
DA:13,1
DA:14,1
DA:15,1
DA:16,2
DA:17,2
DA:18,2
DA:19,1
DA:20,1
DA:21,2
DA:22,2
DA:23,2
DA:24,2
DA:25,1
DA:26,1
DA:27,1
DA:28,1
DA:29,1
DA:30,2
DA:31,2
DA:32,2
DA:33,2
DA:34,2
DA:35,2
DA:36,2
DA:37,2
DA:38,2
DA:39,2
DA:40,1
DA:41,1
DA:42,1
LF:42
LH:42
BRDA:14,0,0,1
BRDA:15,1,0,2
BRDA:20,2,0,2
BRDA:22,3,0,2
BRDA:24,4,0,1
BRDA:28,5,0,0
BRDA:28,6,0,1
BRDA:33,7,0,1
BRF:8
BRH:7
end_of_record
