TN:
SF:src/modules/appointments/services/CreateAppointmentService.ts
FN:14,CreateAppointmentService
FN:18,Object.<anonymous>.CreateAppointmentService.execute
FNF:2
FNH:2
FNDA:2,CreateAppointmentService
FNDA:3,Object.<anonymous>.CreateAppointmentService.execute
DA:1,1
DA:2,1
DA:3,1
DA:4,1
DA:5,1
DA:6,1
DA:7,1
DA:8,1
DA:9,1
DA:10,1
DA:11,1
DA:12,1
DA:13,1
DA:14,1
DA:15,2
DA:16,2
DA:17,1
DA:18,1
DA:19,3
DA:20,3
DA:21,3
DA:22,3
DA:23,3
DA:24,3
DA:25,3
DA:26,1
DA:27,1
DA:28,2
DA:29,2
DA:30,2
DA:31,2
DA:32,3
DA:33,3
DA:34,3
DA:35,1
DA:36,1
DA:37,1
LF:37
LH:37
BRDA:13,0,0,1
BRDA:14,1,0,2
BRDA:18,2,0,3
BRDA:25,3,0,1
BRDA:28,4,0,2
BRF:5
BRH:5
end_of_record
TN:
SF:src/modules/users/services/CreateUserService.ts
FN:14,CreateUserService
FN:21,Object.<anonymous>.CreateUserService.execute
FNF:2
FNH:2
FNDA:5,CreateUserService
FNDA:6,Object.<anonymous>.CreateUserService.execute
DA:1,1
DA:2,1
DA:3,1
DA:4,1
DA:5,1
DA:6,1
DA:7,1
DA:8,1
DA:9,1
DA:10,1
DA:11,1
DA:12,2
DA:13,2
DA:14,2
DA:15,5
DA:16,5
DA:17,5
DA:18,5
DA:19,5
DA:20,2
DA:21,2
DA:22,6
DA:23,6
DA:24,6
DA:25,1
DA:26,1
DA:27,5
DA:28,5
DA:29,6
DA:30,6
DA:31,6
DA:32,6
DA:33,6
DA:34,6
DA:35,6
DA:36,6
DA:37,2
LF:37
LH:37
BRDA:12,0,0,2
BRDA:14,1,0,5
BRDA:21,2,0,6
BRDA:22,3,0,6
BRDA:24,4,0,1
BRDA:27,5,0,5
BRF:6
BRH:6
end_of_record
TN:
SF:src/modules/users/services/SessionAuthenticationService.ts
FN:19,CreateUserService
FN:26,Object.<anonymous>.CreateUserService.execute
FNF:2
FNH:2
FNDA:3,CreateUserService
FNDA:3,Object.<anonymous>.CreateUserService.execute
DA:1,1
DA:2,1
DA:3,1
DA:4,1
DA:5,1
DA:6,1
DA:7,1
DA:8,1
DA:9,1
DA:10,1
DA:11,1
DA:12,1
DA:13,1
DA:14,1
DA:15,1
DA:16,1
DA:17,1
DA:18,1
DA:19,1
DA:20,3
DA:21,3
DA:22,3
DA:23,3
DA:24,1
DA:25,1
DA:26,1
DA:27,3
DA:28,3
DA:29,3
DA:30,0
DA:31,0
DA:32,3
DA:33,3
DA:34,3
DA:35,3
DA:36,2
DA:37,2
DA:38,1
DA:39,1
DA:40,1
DA:41,1
DA:42,1
DA:43,1
DA:44,1
DA:45,1
DA:46,1
DA:47,1
DA:48,1
DA:49,3
DA:50,3
DA:51,1
LF:51
LH:49
BRDA:18,0,0,1
BRDA:19,1,0,3
BRDA:26,2,0,3
BRDA:27,3,0,3
BRDA:29,4,0,0
BRDA:35,5,0,2
BRDA:38,6,0,1
BRF:7
BRH:6
end_of_record
TN:
SF:src/modules/users/services/UploadAvatarService.ts
FN:15,UploadAvatarService
FN:20,Object.<anonymous>.UploadAvatarService.execute
FNF:2
FNH:2
FNDA:1,UploadAvatarService
FNDA:1,Object.<anonymous>.UploadAvatarService.execute
DA:1,1
DA:2,1
DA:3,1
DA:4,1
DA:5,1
DA:6,1
DA:7,1
DA:8,1
DA:9,1
DA:10,1
DA:11,1
DA:12,1
DA:13,1
DA:14,1
DA:15,1
DA:16,1
DA:17,1
DA:18,1
DA:19,1
DA:20,1
DA:21,1
DA:22,1
DA:23,1
DA:24,1
DA:25,0
DA:26,0
DA:27,1
DA:28,1
DA:29,1
DA:30,1
DA:31,1
DA:32,1
DA:33,1
DA:34,1
DA:35,1
DA:36,1
DA:37,1
DA:38,1
DA:39,1
DA:40,1
DA:41,1
DA:42,1
LF:42
LH:40
BRDA:14,0,0,1
BRDA:15,1,0,1
BRDA:20,2,0,1
BRDA:22,3,0,1
BRDA:24,4,0,0
BRDA:28,5,0,0
BRDA:33,6,0,1
BRF:7
BRH:5
end_of_record
